[debug] [2017-12-02T22:01:34.318Z] ----------------------------------------------------------------------
[debug] [2017-12-02T22:01:34.323Z] Command:       C:\nodejs\node.exe C:\Users\diego\AppData\Roaming\npm\node_modules\firebase-tools\bin\firebase serve
[debug] [2017-12-02T22:01:34.323Z] CLI Version:   3.15.4
[debug] [2017-12-02T22:01:34.323Z] Platform:      win32
[debug] [2017-12-02T22:01:34.323Z] Node Version:  v8.9.1
[debug] [2017-12-02T22:01:34.325Z] Time:          Sat Dec 02 2017 16:01:34 GMT-0600 (Hora estándar central (México))
[debug] [2017-12-02T22:01:34.325Z] ----------------------------------------------------------------------
[debug] 
[debug] [2017-12-02T22:01:34.376Z] > command requires scopes: ["email","openid","https://www.googleapis.com/auth/cloudplatformprojects.readonly","https://www.googleapis.com/auth/firebase","https://www.googleapis.com/auth/cloud-platform"]
[debug] [2017-12-02T22:01:34.376Z] > authorizing via signed-in user
[debug] [2017-12-02T22:01:34.380Z] >>> HTTP REQUEST GET https://admin.firebase.com/v1/projects/localhackday-494f2  
 Sat Dec 02 2017 16:01:34 GMT-0600 (Hora estándar central (México))
[debug] [2017-12-02T22:01:35.015Z] <<< HTTP RESPONSE 200
[debug] [2017-12-02T22:01:35.017Z] >>> HTTP REQUEST GET https://admin.firebase.com/v1/database/localhackday-494f2/tokens  
 Sat Dec 02 2017 16:01:35 GMT-0600 (Hora estándar central (México))
[debug] [2017-12-02T22:01:35.786Z] <<< HTTP RESPONSE 200
[info] 
[info] === Serving from 'C:\Users\diego\Desktop\MLH\localhackday'...
[info] 
[debug] [2017-12-02T22:01:35.797Z] >>> HTTP REQUEST GET https://cloudresourcemanager.googleapis.com/v1/projects/localhackday-494f2  
 Sat Dec 02 2017 16:01:35 GMT-0600 (Hora estándar central (México))
[debug] [2017-12-02T22:01:36.250Z] <<< HTTP RESPONSE 200
[debug] [2017-12-02T22:01:36.251Z] >>> HTTP REQUEST GET https://mobilesdk-pa.googleapis.com/v1/projects/611968331038/clients/_:getWebAppConfig  
 Sat Dec 02 2017 16:01:36 GMT-0600 (Hora estándar central (México))
[debug] [2017-12-02T22:01:37.176Z] <<< HTTP RESPONSE 200
[info] i  hosting: Serving hosting files from: public
[info] +  hosting: Local server: http://localhost:5000

